<?xml version="1.0" encoding="UTF-8"?>
<!-- Generated by org.testng.reporters.JUnitReportReporter -->
<testsuite hostname="HP" failures="0" tests="1" name="vips.VIPS_Finestock.AppTest" time="0.007" errors="0" timestamp="2023-05-16T13:36:13 IST" skipped="0">
  <testcase classname="vips.VIPS_Finestock.AppTest" name="shouldAnswerWithTrue" time="0.007"/>
  <system-out/>
</testsuite> <!-- vips.VIPS_Finestock.AppTest -->
