<?xml version="1.0" encoding="UTF-8"?>
<!-- Generated by org.testng.reporters.JUnitReportReporter -->
<testsuite hostname="HP" failures="0" tests="1" name="Test_Class.Test_Class1_login" time="28.594" errors="0" timestamp="2023-05-19T13:45:21 IST" skipped="0">
  <testcase classname="Test_Class.Test_Class1_login" name="Create_Sell_Ad" time="28.594"/>
  <system-out/>
</testsuite> <!-- Test_Class.Test_Class1_login -->
