<?xml version="1.0" encoding="UTF-8"?>
<!-- Generated by org.testng.reporters.JUnitReportReporter -->
<testsuite hostname="HP" failures="0" tests="1" name="Test_Class.Test_class2" time="26.984" errors="0" timestamp="2023-05-16T11:57:59 IST" skipped="0">
  <testcase classname="Test_Class.Test_class2" name="Create_BUY_Ad" time="26.984"/>
  <system-out/>
</testsuite> <!-- Test_Class.Test_class2 -->
