<?xml version="1.0" encoding="UTF-8"?>
<!-- Generated by org.testng.reporters.JUnitReportReporter -->
<testsuite hostname="HP" failures="0" tests="1" name="Test_Class.Test_class3_VIIPS_Sell" time="27.865" errors="0" timestamp="2023-07-19T13:23:39 IST" skipped="0">
  <testcase classname="Test_Class.Test_class3_VIIPS_Sell" name="Create_VIPS_Sell_Ad" time="27.865"/>
  <system-out/>
</testsuite> <!-- Test_Class.Test_class3_VIIPS_Sell -->
