<?xml version="1.0" encoding="UTF-8"?>
<!-- Generated by org.testng.reporters.JUnitReportReporter -->
<testsuite hostname="HP" failures="0" tests="1" name="Test_Class.Test_class4_VIIPS_Buy" time="23.761" errors="0" timestamp="2023-05-17T13:37:55 IST" skipped="0">
  <testcase classname="Test_Class.Test_class4_VIIPS_Buy" name="Create_VIPS_Buy_Ad" time="23.761"/>
  <system-out/>
</testsuite> <!-- Test_Class.Test_class4_VIIPS_Buy -->
