<?xml version="1.0" encoding="UTF-8"?>
<!-- Generated by org.testng.reporters.JUnitReportReporter -->
<testsuite hostname="HP" failures="0" tests="1" name="Test_Class.Test_class4_VIIPS_Buy" time="28.453" errors="0" timestamp="2023-07-19T13:23:39 IST" skipped="0">
  <testcase classname="Test_Class.Test_class4_VIIPS_Buy" name="Create_VIPS_Buy_Ad" time="28.453"/>
  <system-out/>
</testsuite> <!-- Test_Class.Test_class4_VIIPS_Buy -->
