<?xml version="1.0" encoding="UTF-8"?>
<!-- Generated by org.testng.reporters.JUnitReportReporter -->
<testsuite hostname="HP" failures="0" tests="1" name="Test_Class.test_dropdown" time="31.316" errors="0" timestamp="2023-08-16T13:50:35 IST" skipped="0">
  <testcase classname="Test_Class.test_dropdown" name="Create_VIPS_Sell_Ad" time="31.316"/>
  <system-out/>
</testsuite> <!-- Test_Class.test_dropdown -->
