<?xml version="1.0" encoding="UTF-8"?>
<!-- Generated by org.testng.reporters.JUnitReportReporter -->
<testsuite hostname="HP" failures="0" tests="1" name="Test_Class.Test_Class1_login" time="27.868" errors="0" timestamp="2023-05-31T14:22:51 IST" skipped="0">
  <testcase classname="Test_Class.Test_Class1_login" name="Create_Sell_Ad" time="27.868"/>
  <system-out/>
</testsuite> <!-- Test_Class.Test_Class1_login -->
