<?xml version="1.0" encoding="UTF-8"?>
<!-- Generated by org.testng.reporters.JUnitReportReporter -->
<testsuite hostname="HP" failures="0" tests="1" name="Test_Class.Test_class5_Buy_order" time="22.882" errors="0" timestamp="2023-06-01T17:21:50 IST" skipped="0">
  <testcase classname="Test_Class.Test_class5_Buy_order" name="Complet_Buy_Order" time="22.882"/>
  <system-out/>
</testsuite> <!-- Test_Class.Test_class5_Buy_order -->
