<?xml version="1.0" encoding="UTF-8"?>
<!-- Generated by org.testng.reporters.JUnitReportReporter -->
<testsuite hostname="HP" failures="0" tests="1" name="Test_Class.Test_class4_VIIPS_Buy" time="24.323" errors="0" timestamp="2023-08-16T17:24:45 IST" skipped="0">
  <testcase classname="Test_Class.Test_class4_VIIPS_Buy" name="Create_VIPS_Buy_Ad" time="24.323"/>
  <system-out/>
</testsuite> <!-- Test_Class.Test_class4_VIIPS_Buy -->
