<?xml version="1.0" encoding="UTF-8"?>
<!-- Generated by org.testng.reporters.JUnitReportReporter -->
<testsuite hostname="HP" failures="0" tests="1" name="Test_Class.Test_class5_Buy_order" time="38.938" errors="0" timestamp="2023-06-02T14:02:26 IST" skipped="0">
  <testcase classname="Test_Class.Test_class5_Buy_order" name="Complet_Buy_Order" time="38.938"/>
  <system-out/>
</testsuite> <!-- Test_Class.Test_class5_Buy_order -->
